# JRE version: OpenJDK Runtime Environment (11.0.12+7) (build 11.0.12+7-b1504.28-7817840)
# Java VM: OpenJDK 64-Bit Server VM (11.0.12+7-b1504.28-7817840, mixed mode, tiered, compressed oops, g1 gc, windows-amd64)
Heap:
 garbage-first heap   total 189440K, used 96618K [0x0000000080000000, 0x0000000100000000)
  region size 1024K, 12 young (12288K), 9 survivors (9216K)
 Metaspace       used 87831K, capacity 89957K, committed 90232K, reserved 1128448K
  class space    used 11301K, capacity 12107K, committed 12152K, reserved 1048576K
GC Heap History (20 events):
Event: 7.870 GC heap before
{Heap before GC invocations=8 (full 0):
 garbage-first heap   total 131072K, used 87375K [0x0000000080000000, 0x0000000100000000)
  region size 1024K, 67 young (68608K), 6 survivors (6144K)
 Metaspace       used 39828K, capacity 40779K, committed 41088K, reserved 1085440K
  class space    used 5106K, capacity 5433K, committed 5504K, reserved 1048576K
}
Event: 7.887 GC heap after
{Heap after GC invocations=9 (full 0):
 garbage-first heap   total 157696K, used 28224K [0x0000000080000000, 0x0000000100000000)
  region size 1024K, 9 young (9216K), 9 survivors (9216K)
 Metaspace       used 39828K, capacity 40779K, committed 41088K, reserved 1085440K
  class space    used 5106K, capacity 5433K, committed 5504K, reserved 1048576K
}
Event: 9.128 GC heap before
{Heap before GC invocations=9 (full 0):
 garbage-first heap   total 157696K, used 99904K [0x0000000080000000, 0x0000000100000000)
  region size 1024K, 78 young (79872K), 9 survivors (9216K)
 Metaspace       used 46148K, capacity 47247K, committed 47360K, reserved 1089536K
  class space    used 5942K, capacity 6322K, committed 6400K, reserved 1048576K
}
Event: 9.141 GC heap after
{Heap after GC invocations=10 (full 0):
 garbage-first heap   total 157696K, used 30577K [0x0000000080000000, 0x0000000100000000)
  region size 1024K, 8 young (8192K), 8 survivors (8192K)
 Metaspace       used 46148K, capacity 47247K, committed 47360K, reserved 1089536K
  class space    used 5942K, capacity 6322K, committed 6400K, reserved 1048576K
}
Event: 12.091 GC heap before
{Heap before GC invocations=10 (full 0):
 garbage-first heap   total 157696K, used 119665K [0x0000000080000000, 0x0000000100000000)
  region size 1024K, 92 young (94208K), 8 survivors (8192K)
 Metaspace       used 51660K, capacity 52935K, committed 53248K, reserved 1095680K
  class space    used 6604K, capacity 7094K, committed 7168K, reserved 1048576K
}
Event: 12.109 GC heap after
{Heap after GC invocations=11 (full 0):
 garbage-first heap   total 157696K, used 43955K [0x0000000080000000, 0x0000000100000000)
  region size 1024K, 12 young (12288K), 12 survivors (12288K)
 Metaspace       used 51660K, capacity 52935K, committed 53248K, reserved 1095680K
  class space    used 6604K, capacity 7094K, committed 7168K, reserved 1048576K
}
Event: 13.523 GC heap before
{Heap before GC invocations=11 (full 0):
 garbage-first heap   total 157696K, used 87987K [0x0000000080000000, 0x0000000100000000)
  region size 1024K, 56 young (57344K), 12 survivors (12288K)
 Metaspace       used 58422K, capacity 59794K, committed 59904K, reserved 1101824K
  class space    used 7376K, capacity 7881K, committed 7936K, reserved 1048576K
}
Event: 13.547 GC heap after
{Heap after GC invocations=12 (full 0):
 garbage-first heap   total 157696K, used 46540K [0x0000000080000000, 0x0000000100000000)
  region size 1024K, 3 young (3072K), 3 survivors (3072K)
 Metaspace       used 58422K, capacity 59794K, committed 59904K, reserved 1101824K
  class space    used 7376K, capacity 7881K, committed 7936K, reserved 1048576K
}
Event: 17.560 GC heap before
{Heap before GC invocations=13 (full 0):
 garbage-first heap   total 157696K, used 110028K [0x0000000080000000, 0x0000000100000000)
  region size 1024K, 66 young (67584K), 3 survivors (3072K)
 Metaspace       used 65077K, capacity 66550K, committed 66680K, reserved 1107968K
  class space    used 8215K, capacity 8764K, committed 8824K, reserved 1048576K
}
Event: 17.577 GC heap after
{Heap after GC invocations=14 (full 0):
 garbage-first heap   total 189440K, used 51197K [0x0000000080000000, 0x0000000100000000)
  region size 1024K, 7 young (7168K), 7 survivors (7168K)
 Metaspace       used 65077K, capacity 66550K, committed 66680K, reserved 1107968K
  class space    used 8215K, capacity 8764K, committed 8824K, reserved 1048576K
}
Event: 20.212 GC heap before
{Heap before GC invocations=15 (full 0):
 garbage-first heap   total 189440K, used 132093K [0x0000000080000000, 0x0000000100000000)
  region size 1024K, 86 young (88064K), 7 survivors (7168K)
 Metaspace       used 70642K, capacity 72214K, committed 72568K, reserved 1112064K
  class space    used 9131K, capacity 9745K, committed 9848K, reserved 1048576K
}
Event: 20.229 GC heap after
{Heap after GC invocations=16 (full 0):
 garbage-first heap   total 189440K, used 56494K [0x0000000080000000, 0x0000000100000000)
  region size 1024K, 11 young (11264K), 11 survivors (11264K)
 Metaspace       used 70642K, capacity 72214K, committed 72568K, reserved 1112064K
  class space    used 9131K, capacity 9745K, committed 9848K, reserved 1048576K
}
Event: 22.568 GC heap before
{Heap before GC invocations=16 (full 0):
 garbage-first heap   total 189440K, used 136366K [0x0000000080000000, 0x0000000100000000)
  region size 1024K, 89 young (91136K), 11 survivors (11264K)
 Metaspace       used 78925K, capacity 80775K, committed 81016K, reserved 1120256K
  class space    used 10302K, capacity 10986K, committed 11128K, reserved 1048576K
}
Event: 22.587 GC heap after
{Heap after GC invocations=17 (full 0):
 garbage-first heap   total 189440K, used 61367K [0x0000000080000000, 0x0000000100000000)
  region size 1024K, 11 young (11264K), 11 survivors (11264K)
 Metaspace       used 78925K, capacity 80775K, committed 81016K, reserved 1120256K
  class space    used 10302K, capacity 10986K, committed 11128K, reserved 1048576K
}
Event: 24.698 GC heap before
{Heap before GC invocations=17 (full 0):
 garbage-first heap   total 189440K, used 140215K [0x0000000080000000, 0x0000000100000000)
  region size 1024K, 89 young (91136K), 11 survivors (11264K)
 Metaspace       used 84459K, capacity 86554K, committed 86648K, reserved 1124352K
  class space    used 11001K, capacity 11813K, committed 11896K, reserved 1048576K
}
Event: 24.728 GC heap after
{Heap after GC invocations=18 (full 0):
 garbage-first heap   total 189440K, used 68515K [0x0000000080000000, 0x0000000100000000)
  region size 1024K, 12 young (12288K), 12 survivors (12288K)
 Metaspace       used 84459K, capacity 86554K, committed 86648K, reserved 1124352K
  class space    used 11001K, capacity 11813K, committed 11896K, reserved 1048576K
}
Event: 26.743 GC heap before
{Heap before GC invocations=18 (full 0):
 garbage-first heap   total 189440K, used 147363K [0x0000000080000000, 0x0000000100000000)
  region size 1024K, 87 young (89088K), 12 survivors (12288K)
 Metaspace       used 86212K, capacity 88353K, committed 88568K, reserved 1126400K
  class space    used 11151K, capacity 11955K, committed 12024K, reserved 1048576K
}
Event: 26.784 GC heap after
{Heap after GC invocations=19 (full 0):
 garbage-first heap   total 189440K, used 84976K [0x0000000080000000, 0x0000000100000000)
  region size 1024K, 11 young (11264K), 11 survivors (11264K)
 Metaspace       used 86212K, capacity 88353K, committed 88568K, reserved 1126400K
  class space    used 11151K, capacity 11955K, committed 12024K, reserved 1048576K
}
Event: 29.017 GC heap before
{Heap before GC invocations=19 (full 0):
 garbage-first heap   total 189440K, used 150512K [0x0000000080000000, 0x0000000100000000)
  region size 1024K, 68 young (69632K), 11 survivors (11264K)
 Metaspace       used 87772K, capacity 89953K, committed 90232K, reserved 1128448K
  class space    used 11299K, capacity 12106K, committed 12152K, reserved 1048576K
}
Event: 29.045 GC heap after
{Heap after GC invocations=20 (full 0):
 garbage-first heap   total 189440K, used 94570K [0x0000000080000000, 0x0000000100000000)
  region size 1024K, 9 young (9216K), 9 survivors (9216K)
 Metaspace       used 87772K, capacity 89953K, committed 90232K, reserved 1128448K
  class space    used 11299K, capacity 12106K, committed 12152K, reserved 1048576K
}

